


ARM Macro Assembler    Page 1 


    1 00000000         ;******************** (C) COPYRIGHT 2013 STMicroelectron
                       ics ********************
    2 00000000         ;* File Name          : startup_stm32f030x8.s
    3 00000000         ;* Author             : MCD Application Team
    4 00000000         ;* Version            : V1.2.0
    5 00000000         ;* Date               : 01-August-2013
    6 00000000         ;* Description        : STM32F030x8 devices vector table
                        for MDK-ARM toolchain.
    7 00000000         ;*                      This module performs:
    8 00000000         ;*                      - Set the initial SP
    9 00000000         ;*                      - Set the initial PC == Reset_Ha
                       ndler
   10 00000000         ;*                      - Set the vector table entries w
                       ith the exceptions ISR address
   11 00000000         ;*                      - Configure the system clock
   12 00000000         ;*                      - Branches to __main in the C li
                       brary (which eventually
   13 00000000         ;*                        calls main()).
   14 00000000         ;*                      After Reset the CortexM0 process
                       or is in Thread mode,
   15 00000000         ;*                      priority is Privileged, and the 
                       Stack is set to Main.
   16 00000000         ;* <<< Use Configuration Wizard in Context Menu >>>   
   17 00000000         ;*******************************************************
                       ************************
   18 00000000         ;  @attention
   19 00000000         ; 
   20 00000000         ;  Licensed under MCD-ST Liberty SW License Agreement V2
                       , (the "License");
   21 00000000         ;  You may not use this file except in compliance with t
                       he License.
   22 00000000         ;  You may obtain a copy of the License at:
   23 00000000         ; 
   24 00000000         ;         http://www.st.com/software_license_agreement_l
                       iberty_v2
   25 00000000         ; 
   26 00000000         ;  Unless required by applicable law or agreed to in wri
                       ting, software 
   27 00000000         ;  distributed under the License is distributed on an "A
                       S IS" BASIS, 
   28 00000000         ;  WITHOUT WARRANTIES OR CONDITIONS OF ANY KIND, either 
                       express or implied.
   29 00000000         ;  See the License for the specific language governing p
                       ermissions and
   30 00000000         ;  limitations under the License.
   31 00000000         ; 
   32 00000000         ;*******************************************************
                       ************************
   33 00000000         ;
   34 00000000         ; Amount of memory (in bytes) allocated for Stack
   35 00000000         ; Tailor this value to your application needs
   36 00000000         ; <h> Stack Configuration
   37 00000000         ;   <o> Stack Size (in Bytes) <0x0-0xFFFFFFFF:8>
   38 00000000         ; </h>
   39 00000000         
   40 00000000 00000400 
                       Stack_Size
                               EQU              0x00000400
   41 00000000         



ARM Macro Assembler    Page 2 


   42 00000000                 AREA             STACK, NOINIT, READWRITE, ALIGN
=3
   43 00000000         Stack_Mem
                               SPACE            Stack_Size
   44 00000400         __initial_sp
   45 00000400         
   46 00000400         
   47 00000400         ; <h> Heap Configuration
   48 00000400         ;   <o>  Heap Size (in Bytes) <0x0-0xFFFFFFFF:8>
   49 00000400         ; </h>
   50 00000400         
   51 00000400 00000200 
                       Heap_Size
                               EQU              0x00000200
   52 00000400         
   53 00000400                 AREA             HEAP, NOINIT, READWRITE, ALIGN=
3
   54 00000000         __heap_base
   55 00000000         Heap_Mem
                               SPACE            Heap_Size
   56 00000200         __heap_limit
   57 00000200         
   58 00000200                 PRESERVE8
   59 00000200                 THUMB
   60 00000200         
   61 00000200         
   62 00000200         ; Vector Table Mapped to Address 0 at Reset
   63 00000200                 AREA             RESET, DATA, READONLY
   64 00000000                 EXPORT           __Vectors
   65 00000000                 EXPORT           __Vectors_End
   66 00000000                 EXPORT           __Vectors_Size
   67 00000000         
   68 00000000 00000000 
                       __Vectors
                               DCD              __initial_sp ; Top of Stack
   69 00000004 00000000        DCD              Reset_Handler ; Reset Handler
   70 00000008 00000000        DCD              NMI_Handler ; NMI Handler
   71 0000000C 00000000        DCD              HardFault_Handler ; Hard Fault 
                                                            Handler
   72 00000010 00000000        DCD              0           ; Reserved
   73 00000014 00000000        DCD              0           ; Reserved
   74 00000018 00000000        DCD              0           ; Reserved
   75 0000001C 00000000        DCD              0           ; Reserved
   76 00000020 00000000        DCD              0           ; Reserved
   77 00000024 00000000        DCD              0           ; Reserved
   78 00000028 00000000        DCD              0           ; Reserved
   79 0000002C 00000000        DCD              SVC_Handler ; SVCall Handler
   80 00000030 00000000        DCD              0           ; Reserved
   81 00000034 00000000        DCD              0           ; Reserved
   82 00000038 00000000        DCD              PendSV_Handler ; PendSV Handler
                                                            
   83 0000003C 00000000        DCD              SysTick_Handler 
                                                            ; SysTick Handler
   84 00000040         
   85 00000040         ; External Interrupts
   86 00000040 00000000        DCD              WWDG_IRQHandler 
                                                            ; Window Watchdog
   87 00000044 00000000        DCD              PVD_IRQHandler ; PVD through EX
                                                            TI Line detect



ARM Macro Assembler    Page 3 


   88 00000048 00000000        DCD              RTC_IRQHandler ; RTC through EX
                                                            TI Line
   89 0000004C 00000000        DCD              FLASH_IRQHandler ; FLASH
   90 00000050 00000000        DCD              RCC_IRQHandler ; RCC
   91 00000054 00000000        DCD              EXTI0_1_IRQHandler 
                                                            ; EXTI Line 0 and 1
                                                            
   92 00000058 00000000        DCD              EXTI2_3_IRQHandler 
                                                            ; EXTI Line 2 and 3
                                                            
   93 0000005C 00000000        DCD              EXTI4_15_IRQHandler 
                                                            ; EXTI Line 4 to 15
                                                            
   94 00000060 00000000        DCD              TS_IRQHandler ; TS
   95 00000064 00000000        DCD              DMA1_Channel1_IRQHandler 
                                                            ; DMA1 Channel 1
   96 00000068 00000000        DCD              DMA1_Channel2_3_IRQHandler ; DM
                                                            A1 Channel 2 and Ch
                                                            annel 3
   97 0000006C 00000000        DCD              DMA1_Channel4_5_IRQHandler ; DM
                                                            A1 Channel 4 and Ch
                                                            annel 5
   98 00000070 00000000        DCD              ADC1_COMP_IRQHandler ; ADC1, CO
                                                            MP1 and COMP2 
   99 00000074 00000000        DCD              TIM1_BRK_UP_TRG_COM_IRQHandler 
                                                            ; TIM1 Break, Updat
                                                            e, Trigger and Comm
                                                            utation
  100 00000078 00000000        DCD              TIM1_CC_IRQHandler ; TIM1 Captu
                                                            re Compare
  101 0000007C 00000000        DCD              TIM2_IRQHandler ; TIM2
  102 00000080 00000000        DCD              TIM3_IRQHandler ; TIM3
  103 00000084 00000000        DCD              TIM6_DAC_IRQHandler 
                                                            ; TIM6 and DAC
  104 00000088 00000000        DCD              0           ; Reserved
  105 0000008C 00000000        DCD              TIM14_IRQHandler ; TIM14
  106 00000090 00000000        DCD              TIM15_IRQHandler ; TIM15
  107 00000094 00000000        DCD              TIM16_IRQHandler ; TIM16
  108 00000098 00000000        DCD              TIM17_IRQHandler ; TIM17
  109 0000009C 00000000        DCD              I2C1_IRQHandler ; I2C1
  110 000000A0 00000000        DCD              I2C2_IRQHandler ; I2C2
  111 000000A4 00000000        DCD              SPI1_IRQHandler ; SPI1
  112 000000A8 00000000        DCD              SPI2_IRQHandler ; SPI2
  113 000000AC 00000000        DCD              USART1_IRQHandler ; USART1
  114 000000B0 00000000        DCD              USART2_IRQHandler ; USART2
  115 000000B4 00000000        DCD              0           ; Reserved
  116 000000B8 00000000        DCD              CEC_IRQHandler ; CEC
  117 000000BC 00000000        DCD              0           ; Reserved
  118 000000C0         
  119 000000C0         __Vectors_End
  120 000000C0         
  121 000000C0 000000C0 
                       __Vectors_Size
                               EQU              __Vectors_End - __Vectors
  122 000000C0         
  123 000000C0                 AREA             |.text|, CODE, READONLY
  124 00000000         
  125 00000000         ; Reset handler routine
  126 00000000         Reset_Handler



ARM Macro Assembler    Page 4 


                               PROC
  127 00000000                 EXPORT           Reset_Handler                 [
WEAK]
  128 00000000                 IMPORT           __main
  129 00000000                 IMPORT           SystemInit
  130 00000000 4807            LDR              R0, =SystemInit
  131 00000002 4780            BLX              R0
  132 00000004 4807            LDR              R0, =__main
  133 00000006 4700            BX               R0
  134 00000008                 ENDP
  135 00000008         
  136 00000008         ; Dummy Exception Handlers (infinite loops which can be 
                       modified)
  137 00000008         
  138 00000008         NMI_Handler
                               PROC
  139 00000008                 EXPORT           NMI_Handler                    
[WEAK]
  140 00000008 E7FE            B                .
  141 0000000A                 ENDP
  143 0000000A         HardFault_Handler
                               PROC
  144 0000000A                 EXPORT           HardFault_Handler              
[WEAK]
  145 0000000A E7FE            B                .
  146 0000000C                 ENDP
  147 0000000C         SVC_Handler
                               PROC
  148 0000000C                 EXPORT           SVC_Handler                    
[WEAK]
  149 0000000C E7FE            B                .
  150 0000000E                 ENDP
  151 0000000E         PendSV_Handler
                               PROC
  152 0000000E                 EXPORT           PendSV_Handler                 
[WEAK]
  153 0000000E E7FE            B                .
  154 00000010                 ENDP
  155 00000010         SysTick_Handler
                               PROC
  156 00000010                 EXPORT           SysTick_Handler                
[WEAK]
  157 00000010 E7FE            B                .
  158 00000012                 ENDP
  159 00000012         
  160 00000012         Default_Handler
                               PROC
  161 00000012         
  162 00000012                 EXPORT           WWDG_IRQHandler                
[WEAK]
  163 00000012                 EXPORT           PVD_IRQHandler                 
[WEAK]
  164 00000012                 EXPORT           RTC_IRQHandler                 
[WEAK]
  165 00000012                 EXPORT           FLASH_IRQHandler               
[WEAK]
  166 00000012                 EXPORT           RCC_IRQHandler                 
[WEAK]
  167 00000012                 EXPORT           EXTI0_1_IRQHandler             



ARM Macro Assembler    Page 5 


[WEAK]
  168 00000012                 EXPORT           EXTI2_3_IRQHandler             
[WEAK]
  169 00000012                 EXPORT           EXTI4_15_IRQHandler            
[WEAK]
  170 00000012                 EXPORT           TS_IRQHandler                  
[WEAK]
  171 00000012                 EXPORT           DMA1_Channel1_IRQHandler       
[WEAK]
  172 00000012                 EXPORT           DMA1_Channel2_3_IRQHandler     
[WEAK]
  173 00000012                 EXPORT           DMA1_Channel4_5_IRQHandler     
[WEAK]
  174 00000012                 EXPORT           ADC1_COMP_IRQHandler           
[WEAK]
  175 00000012                 EXPORT           TIM1_BRK_UP_TRG_COM_IRQHandler 
[WEAK]
  176 00000012                 EXPORT           TIM1_CC_IRQHandler             
[WEAK]
  177 00000012                 EXPORT           TIM2_IRQHandler                
[WEAK]
  178 00000012                 EXPORT           TIM3_IRQHandler                
[WEAK]
  179 00000012                 EXPORT           TIM6_DAC_IRQHandler            
[WEAK]
  180 00000012                 EXPORT           TIM14_IRQHandler               
[WEAK]
  181 00000012                 EXPORT           TIM15_IRQHandler               
[WEAK]
  182 00000012                 EXPORT           TIM16_IRQHandler               
[WEAK]
  183 00000012                 EXPORT           TIM17_IRQHandler               
[WEAK]
  184 00000012                 EXPORT           I2C1_IRQHandler                
[WEAK]
  185 00000012                 EXPORT           I2C2_IRQHandler                
[WEAK]
  186 00000012                 EXPORT           SPI1_IRQHandler                
[WEAK]
  187 00000012                 EXPORT           SPI2_IRQHandler                
[WEAK]
  188 00000012                 EXPORT           USART1_IRQHandler              
[WEAK]
  189 00000012                 EXPORT           USART2_IRQHandler              
[WEAK]
  190 00000012                 EXPORT           CEC_IRQHandler                 
[WEAK]
  191 00000012         
  192 00000012         
  193 00000012         WWDG_IRQHandler
  194 00000012         PVD_IRQHandler
  195 00000012         RTC_IRQHandler
  196 00000012         FLASH_IRQHandler
  197 00000012         RCC_IRQHandler
  198 00000012         EXTI0_1_IRQHandler
  199 00000012         EXTI2_3_IRQHandler
  200 00000012         EXTI4_15_IRQHandler
  201 00000012         TS_IRQHandler
  202 00000012         DMA1_Channel1_IRQHandler



ARM Macro Assembler    Page 6 


  203 00000012         DMA1_Channel2_3_IRQHandler
  204 00000012         DMA1_Channel4_5_IRQHandler
  205 00000012         ADC1_COMP_IRQHandler
  206 00000012         TIM1_BRK_UP_TRG_COM_IRQHandler
  207 00000012         TIM1_CC_IRQHandler
  208 00000012         TIM2_IRQHandler
  209 00000012         TIM3_IRQHandler
  210 00000012         TIM6_DAC_IRQHandler
  211 00000012         TIM14_IRQHandler
  212 00000012         TIM15_IRQHandler
  213 00000012         TIM16_IRQHandler
  214 00000012         TIM17_IRQHandler
  215 00000012         I2C1_IRQHandler
  216 00000012         I2C2_IRQHandler
  217 00000012         SPI1_IRQHandler
  218 00000012         SPI2_IRQHandler
  219 00000012         USART1_IRQHandler
  220 00000012         USART2_IRQHandler
  221 00000012         CEC_IRQHandler
  222 00000012         
  223 00000012 E7FE            B                .
  224 00000014         
  225 00000014                 ENDP
  226 00000014         
  227 00000014                 ALIGN
  228 00000014         
  229 00000014         ;*******************************************************
                       ************************
  230 00000014         ; User Stack and Heap initialization
  231 00000014         ;*******************************************************
                       ************************
  232 00000014                 IF               :DEF:__MICROLIB
  239 00000014         
  240 00000014                 IMPORT           __use_two_region_memory
  241 00000014                 EXPORT           __user_initial_stackheap
  242 00000014         
  243 00000014         __user_initial_stackheap
  244 00000014         
  245 00000014 4804            LDR              R0, =  Heap_Mem
  246 00000016 4905            LDR              R1, =(Stack_Mem + Stack_Size)
  247 00000018 4A05            LDR              R2, = (Heap_Mem +  Heap_Size)
  248 0000001A 4B06            LDR              R3, = Stack_Mem
  249 0000001C 4770            BX               LR
  250 0000001E         
  251 0000001E 00 00           ALIGN
  252 00000020         
  253 00000020                 ENDIF
  254 00000020         
  255 00000020                 END
              00000000 
              00000000 
              00000000 
              00000400 
              00000200 
              00000000 
Command Line: --debug --xref --diag_suppress=9931 --cpu=Cortex-M0 --apcs=interw
ork --depend=..\obj\startup_stm32f030x8.d -o..\obj\startup_stm32f030x8.o -I"E:\
DOCUMENT\project\STM32F030\STM32F0 IAP\STM32F0308_BOOTLOADER\MDK-ARM\RTE\_bootl
oader" -IC:\Keil_v5\ARM\PACK\ARM\CMSIS\5.0.0\CMSIS\Include -IC:\Keil_v5\ARM\PAC



ARM Macro Assembler    Page 7 


K\Keil\STM32F0xx_DFP\1.5.0\Device\Include --predefine="__UVISION_VERSION SETA 5
22" --predefine="_RTE_ SETA 1" --predefine="STM32F030x8 SETA 1" --list=..\libra
ries\cmsis\device\st\stm32f0xx\source\templates\arm\startup_stm32f030x8.lst ..\
Libraries\CMSIS\Device\ST\STM32F0xx\Source\Templates\arm\startup_stm32f030x8.s



ARM Macro Assembler    Page 1 Alphabetic symbol ordering
Relocatable symbols

STACK 00000000

Symbol: STACK
   Definitions
      At line 42 in file ..\Libraries\CMSIS\Device\ST\STM32F0xx\Source\Template
s\arm\startup_stm32f030x8.s
   Uses
      None
Comment: STACK unused
Stack_Mem 00000000

Symbol: Stack_Mem
   Definitions
      At line 43 in file ..\Libraries\CMSIS\Device\ST\STM32F0xx\Source\Template
s\arm\startup_stm32f030x8.s
   Uses
      At line 246 in file ..\Libraries\CMSIS\Device\ST\STM32F0xx\Source\Templat
es\arm\startup_stm32f030x8.s
      At line 248 in file ..\Libraries\CMSIS\Device\ST\STM32F0xx\Source\Templat
es\arm\startup_stm32f030x8.s

__initial_sp 00000400

Symbol: __initial_sp
   Definitions
      At line 44 in file ..\Libraries\CMSIS\Device\ST\STM32F0xx\Source\Template
s\arm\startup_stm32f030x8.s
   Uses
      At line 68 in file ..\Libraries\CMSIS\Device\ST\STM32F0xx\Source\Template
s\arm\startup_stm32f030x8.s
Comment: __initial_sp used once
3 symbols



ARM Macro Assembler    Page 1 Alphabetic symbol ordering
Relocatable symbols

HEAP 00000000

Symbol: HEAP
   Definitions
      At line 53 in file ..\Libraries\CMSIS\Device\ST\STM32F0xx\Source\Template
s\arm\startup_stm32f030x8.s
   Uses
      None
Comment: HEAP unused
Heap_Mem 00000000

Symbol: Heap_Mem
   Definitions
      At line 55 in file ..\Libraries\CMSIS\Device\ST\STM32F0xx\Source\Template
s\arm\startup_stm32f030x8.s
   Uses
      At line 245 in file ..\Libraries\CMSIS\Device\ST\STM32F0xx\Source\Templat
es\arm\startup_stm32f030x8.s
      At line 247 in file ..\Libraries\CMSIS\Device\ST\STM32F0xx\Source\Templat
es\arm\startup_stm32f030x8.s

__heap_base 00000000

Symbol: __heap_base
   Definitions
      At line 54 in file ..\Libraries\CMSIS\Device\ST\STM32F0xx\Source\Template
s\arm\startup_stm32f030x8.s
   Uses
      None
Comment: __heap_base unused
__heap_limit 00000200

Symbol: __heap_limit
   Definitions
      At line 56 in file ..\Libraries\CMSIS\Device\ST\STM32F0xx\Source\Template
s\arm\startup_stm32f030x8.s
   Uses
      None
Comment: __heap_limit unused
4 symbols



ARM Macro Assembler    Page 1 Alphabetic symbol ordering
Relocatable symbols

RESET 00000000

Symbol: RESET
   Definitions
      At line 63 in file ..\Libraries\CMSIS\Device\ST\STM32F0xx\Source\Template
s\arm\startup_stm32f030x8.s
   Uses
      None
Comment: RESET unused
__Vectors 00000000

Symbol: __Vectors
   Definitions
      At line 68 in file ..\Libraries\CMSIS\Device\ST\STM32F0xx\Source\Template
s\arm\startup_stm32f030x8.s
   Uses
      At line 64 in file ..\Libraries\CMSIS\Device\ST\STM32F0xx\Source\Template
s\arm\startup_stm32f030x8.s
      At line 121 in file ..\Libraries\CMSIS\Device\ST\STM32F0xx\Source\Templat
es\arm\startup_stm32f030x8.s

__Vectors_End 000000C0

Symbol: __Vectors_End
   Definitions
      At line 119 in file ..\Libraries\CMSIS\Device\ST\STM32F0xx\Source\Templat
es\arm\startup_stm32f030x8.s
   Uses
      At line 65 in file ..\Libraries\CMSIS\Device\ST\STM32F0xx\Source\Template
s\arm\startup_stm32f030x8.s
      At line 121 in file ..\Libraries\CMSIS\Device\ST\STM32F0xx\Source\Templat
es\arm\startup_stm32f030x8.s

3 symbols



ARM Macro Assembler    Page 1 Alphabetic symbol ordering
Relocatable symbols

.text 00000000

Symbol: .text
   Definitions
      At line 123 in file ..\Libraries\CMSIS\Device\ST\STM32F0xx\Source\Templat
es\arm\startup_stm32f030x8.s
   Uses
      None
Comment: .text unused
ADC1_COMP_IRQHandler 00000012

Symbol: ADC1_COMP_IRQHandler
   Definitions
      At line 205 in file ..\Libraries\CMSIS\Device\ST\STM32F0xx\Source\Templat
es\arm\startup_stm32f030x8.s
   Uses
      At line 98 in file ..\Libraries\CMSIS\Device\ST\STM32F0xx\Source\Template
s\arm\startup_stm32f030x8.s
      At line 174 in file ..\Libraries\CMSIS\Device\ST\STM32F0xx\Source\Templat
es\arm\startup_stm32f030x8.s

CEC_IRQHandler 00000012

Symbol: CEC_IRQHandler
   Definitions
      At line 221 in file ..\Libraries\CMSIS\Device\ST\STM32F0xx\Source\Templat
es\arm\startup_stm32f030x8.s
   Uses
      At line 116 in file ..\Libraries\CMSIS\Device\ST\STM32F0xx\Source\Templat
es\arm\startup_stm32f030x8.s
      At line 190 in file ..\Libraries\CMSIS\Device\ST\STM32F0xx\Source\Templat
es\arm\startup_stm32f030x8.s

DMA1_Channel1_IRQHandler 00000012

Symbol: DMA1_Channel1_IRQHandler
   Definitions
      At line 202 in file ..\Libraries\CMSIS\Device\ST\STM32F0xx\Source\Templat
es\arm\startup_stm32f030x8.s
   Uses
      At line 95 in file ..\Libraries\CMSIS\Device\ST\STM32F0xx\Source\Template
s\arm\startup_stm32f030x8.s
      At line 171 in file ..\Libraries\CMSIS\Device\ST\STM32F0xx\Source\Templat
es\arm\startup_stm32f030x8.s

DMA1_Channel2_3_IRQHandler 00000012

Symbol: DMA1_Channel2_3_IRQHandler
   Definitions
      At line 203 in file ..\Libraries\CMSIS\Device\ST\STM32F0xx\Source\Templat
es\arm\startup_stm32f030x8.s
   Uses
      At line 96 in file ..\Libraries\CMSIS\Device\ST\STM32F0xx\Source\Template
s\arm\startup_stm32f030x8.s
      At line 172 in file ..\Libraries\CMSIS\Device\ST\STM32F0xx\Source\Templat
es\arm\startup_stm32f030x8.s

DMA1_Channel4_5_IRQHandler 00000012




ARM Macro Assembler    Page 2 Alphabetic symbol ordering
Relocatable symbols

Symbol: DMA1_Channel4_5_IRQHandler
   Definitions
      At line 204 in file ..\Libraries\CMSIS\Device\ST\STM32F0xx\Source\Templat
es\arm\startup_stm32f030x8.s
   Uses
      At line 97 in file ..\Libraries\CMSIS\Device\ST\STM32F0xx\Source\Template
s\arm\startup_stm32f030x8.s
      At line 173 in file ..\Libraries\CMSIS\Device\ST\STM32F0xx\Source\Templat
es\arm\startup_stm32f030x8.s

Default_Handler 00000012

Symbol: Default_Handler
   Definitions
      At line 160 in file ..\Libraries\CMSIS\Device\ST\STM32F0xx\Source\Templat
es\arm\startup_stm32f030x8.s
   Uses
      None
Comment: Default_Handler unused
EXTI0_1_IRQHandler 00000012

Symbol: EXTI0_1_IRQHandler
   Definitions
      At line 198 in file ..\Libraries\CMSIS\Device\ST\STM32F0xx\Source\Templat
es\arm\startup_stm32f030x8.s
   Uses
      At line 91 in file ..\Libraries\CMSIS\Device\ST\STM32F0xx\Source\Template
s\arm\startup_stm32f030x8.s
      At line 167 in file ..\Libraries\CMSIS\Device\ST\STM32F0xx\Source\Templat
es\arm\startup_stm32f030x8.s

EXTI2_3_IRQHandler 00000012

Symbol: EXTI2_3_IRQHandler
   Definitions
      At line 199 in file ..\Libraries\CMSIS\Device\ST\STM32F0xx\Source\Templat
es\arm\startup_stm32f030x8.s
   Uses
      At line 92 in file ..\Libraries\CMSIS\Device\ST\STM32F0xx\Source\Template
s\arm\startup_stm32f030x8.s
      At line 168 in file ..\Libraries\CMSIS\Device\ST\STM32F0xx\Source\Templat
es\arm\startup_stm32f030x8.s

EXTI4_15_IRQHandler 00000012

Symbol: EXTI4_15_IRQHandler
   Definitions
      At line 200 in file ..\Libraries\CMSIS\Device\ST\STM32F0xx\Source\Templat
es\arm\startup_stm32f030x8.s
   Uses
      At line 93 in file ..\Libraries\CMSIS\Device\ST\STM32F0xx\Source\Template
s\arm\startup_stm32f030x8.s
      At line 169 in file ..\Libraries\CMSIS\Device\ST\STM32F0xx\Source\Templat
es\arm\startup_stm32f030x8.s

FLASH_IRQHandler 00000012

Symbol: FLASH_IRQHandler
   Definitions



ARM Macro Assembler    Page 3 Alphabetic symbol ordering
Relocatable symbols

      At line 196 in file ..\Libraries\CMSIS\Device\ST\STM32F0xx\Source\Templat
es\arm\startup_stm32f030x8.s
   Uses
      At line 89 in file ..\Libraries\CMSIS\Device\ST\STM32F0xx\Source\Template
s\arm\startup_stm32f030x8.s
      At line 165 in file ..\Libraries\CMSIS\Device\ST\STM32F0xx\Source\Templat
es\arm\startup_stm32f030x8.s

HardFault_Handler 0000000A

Symbol: HardFault_Handler
   Definitions
      At line 143 in file ..\Libraries\CMSIS\Device\ST\STM32F0xx\Source\Templat
es\arm\startup_stm32f030x8.s
   Uses
      At line 71 in file ..\Libraries\CMSIS\Device\ST\STM32F0xx\Source\Template
s\arm\startup_stm32f030x8.s
      At line 144 in file ..\Libraries\CMSIS\Device\ST\STM32F0xx\Source\Templat
es\arm\startup_stm32f030x8.s

I2C1_IRQHandler 00000012

Symbol: I2C1_IRQHandler
   Definitions
      At line 215 in file ..\Libraries\CMSIS\Device\ST\STM32F0xx\Source\Templat
es\arm\startup_stm32f030x8.s
   Uses
      At line 109 in file ..\Libraries\CMSIS\Device\ST\STM32F0xx\Source\Templat
es\arm\startup_stm32f030x8.s
      At line 184 in file ..\Libraries\CMSIS\Device\ST\STM32F0xx\Source\Templat
es\arm\startup_stm32f030x8.s

I2C2_IRQHandler 00000012

Symbol: I2C2_IRQHandler
   Definitions
      At line 216 in file ..\Libraries\CMSIS\Device\ST\STM32F0xx\Source\Templat
es\arm\startup_stm32f030x8.s
   Uses
      At line 110 in file ..\Libraries\CMSIS\Device\ST\STM32F0xx\Source\Templat
es\arm\startup_stm32f030x8.s
      At line 185 in file ..\Libraries\CMSIS\Device\ST\STM32F0xx\Source\Templat
es\arm\startup_stm32f030x8.s

NMI_Handler 00000008

Symbol: NMI_Handler
   Definitions
      At line 138 in file ..\Libraries\CMSIS\Device\ST\STM32F0xx\Source\Templat
es\arm\startup_stm32f030x8.s
   Uses
      At line 70 in file ..\Libraries\CMSIS\Device\ST\STM32F0xx\Source\Template
s\arm\startup_stm32f030x8.s
      At line 139 in file ..\Libraries\CMSIS\Device\ST\STM32F0xx\Source\Templat
es\arm\startup_stm32f030x8.s

PVD_IRQHandler 00000012

Symbol: PVD_IRQHandler



ARM Macro Assembler    Page 4 Alphabetic symbol ordering
Relocatable symbols

   Definitions
      At line 194 in file ..\Libraries\CMSIS\Device\ST\STM32F0xx\Source\Templat
es\arm\startup_stm32f030x8.s
   Uses
      At line 87 in file ..\Libraries\CMSIS\Device\ST\STM32F0xx\Source\Template
s\arm\startup_stm32f030x8.s
      At line 163 in file ..\Libraries\CMSIS\Device\ST\STM32F0xx\Source\Templat
es\arm\startup_stm32f030x8.s

PendSV_Handler 0000000E

Symbol: PendSV_Handler
   Definitions
      At line 151 in file ..\Libraries\CMSIS\Device\ST\STM32F0xx\Source\Templat
es\arm\startup_stm32f030x8.s
   Uses
      At line 82 in file ..\Libraries\CMSIS\Device\ST\STM32F0xx\Source\Template
s\arm\startup_stm32f030x8.s
      At line 152 in file ..\Libraries\CMSIS\Device\ST\STM32F0xx\Source\Templat
es\arm\startup_stm32f030x8.s

RCC_IRQHandler 00000012

Symbol: RCC_IRQHandler
   Definitions
      At line 197 in file ..\Libraries\CMSIS\Device\ST\STM32F0xx\Source\Templat
es\arm\startup_stm32f030x8.s
   Uses
      At line 90 in file ..\Libraries\CMSIS\Device\ST\STM32F0xx\Source\Template
s\arm\startup_stm32f030x8.s
      At line 166 in file ..\Libraries\CMSIS\Device\ST\STM32F0xx\Source\Templat
es\arm\startup_stm32f030x8.s

RTC_IRQHandler 00000012

Symbol: RTC_IRQHandler
   Definitions
      At line 195 in file ..\Libraries\CMSIS\Device\ST\STM32F0xx\Source\Templat
es\arm\startup_stm32f030x8.s
   Uses
      At line 88 in file ..\Libraries\CMSIS\Device\ST\STM32F0xx\Source\Template
s\arm\startup_stm32f030x8.s
      At line 164 in file ..\Libraries\CMSIS\Device\ST\STM32F0xx\Source\Templat
es\arm\startup_stm32f030x8.s

Reset_Handler 00000000

Symbol: Reset_Handler
   Definitions
      At line 126 in file ..\Libraries\CMSIS\Device\ST\STM32F0xx\Source\Templat
es\arm\startup_stm32f030x8.s
   Uses
      At line 69 in file ..\Libraries\CMSIS\Device\ST\STM32F0xx\Source\Template
s\arm\startup_stm32f030x8.s
      At line 127 in file ..\Libraries\CMSIS\Device\ST\STM32F0xx\Source\Templat
es\arm\startup_stm32f030x8.s

SPI1_IRQHandler 00000012




ARM Macro Assembler    Page 5 Alphabetic symbol ordering
Relocatable symbols

Symbol: SPI1_IRQHandler
   Definitions
      At line 217 in file ..\Libraries\CMSIS\Device\ST\STM32F0xx\Source\Templat
es\arm\startup_stm32f030x8.s
   Uses
      At line 111 in file ..\Libraries\CMSIS\Device\ST\STM32F0xx\Source\Templat
es\arm\startup_stm32f030x8.s
      At line 186 in file ..\Libraries\CMSIS\Device\ST\STM32F0xx\Source\Templat
es\arm\startup_stm32f030x8.s

SPI2_IRQHandler 00000012

Symbol: SPI2_IRQHandler
   Definitions
      At line 218 in file ..\Libraries\CMSIS\Device\ST\STM32F0xx\Source\Templat
es\arm\startup_stm32f030x8.s
   Uses
      At line 112 in file ..\Libraries\CMSIS\Device\ST\STM32F0xx\Source\Templat
es\arm\startup_stm32f030x8.s
      At line 187 in file ..\Libraries\CMSIS\Device\ST\STM32F0xx\Source\Templat
es\arm\startup_stm32f030x8.s

SVC_Handler 0000000C

Symbol: SVC_Handler
   Definitions
      At line 147 in file ..\Libraries\CMSIS\Device\ST\STM32F0xx\Source\Templat
es\arm\startup_stm32f030x8.s
   Uses
      At line 79 in file ..\Libraries\CMSIS\Device\ST\STM32F0xx\Source\Template
s\arm\startup_stm32f030x8.s
      At line 148 in file ..\Libraries\CMSIS\Device\ST\STM32F0xx\Source\Templat
es\arm\startup_stm32f030x8.s

SysTick_Handler 00000010

Symbol: SysTick_Handler
   Definitions
      At line 155 in file ..\Libraries\CMSIS\Device\ST\STM32F0xx\Source\Templat
es\arm\startup_stm32f030x8.s
   Uses
      At line 83 in file ..\Libraries\CMSIS\Device\ST\STM32F0xx\Source\Template
s\arm\startup_stm32f030x8.s
      At line 156 in file ..\Libraries\CMSIS\Device\ST\STM32F0xx\Source\Templat
es\arm\startup_stm32f030x8.s

TIM14_IRQHandler 00000012

Symbol: TIM14_IRQHandler
   Definitions
      At line 211 in file ..\Libraries\CMSIS\Device\ST\STM32F0xx\Source\Templat
es\arm\startup_stm32f030x8.s
   Uses
      At line 105 in file ..\Libraries\CMSIS\Device\ST\STM32F0xx\Source\Templat
es\arm\startup_stm32f030x8.s
      At line 180 in file ..\Libraries\CMSIS\Device\ST\STM32F0xx\Source\Templat
es\arm\startup_stm32f030x8.s

TIM15_IRQHandler 00000012



ARM Macro Assembler    Page 6 Alphabetic symbol ordering
Relocatable symbols


Symbol: TIM15_IRQHandler
   Definitions
      At line 212 in file ..\Libraries\CMSIS\Device\ST\STM32F0xx\Source\Templat
es\arm\startup_stm32f030x8.s
   Uses
      At line 106 in file ..\Libraries\CMSIS\Device\ST\STM32F0xx\Source\Templat
es\arm\startup_stm32f030x8.s
      At line 181 in file ..\Libraries\CMSIS\Device\ST\STM32F0xx\Source\Templat
es\arm\startup_stm32f030x8.s

TIM16_IRQHandler 00000012

Symbol: TIM16_IRQHandler
   Definitions
      At line 213 in file ..\Libraries\CMSIS\Device\ST\STM32F0xx\Source\Templat
es\arm\startup_stm32f030x8.s
   Uses
      At line 107 in file ..\Libraries\CMSIS\Device\ST\STM32F0xx\Source\Templat
es\arm\startup_stm32f030x8.s
      At line 182 in file ..\Libraries\CMSIS\Device\ST\STM32F0xx\Source\Templat
es\arm\startup_stm32f030x8.s

TIM17_IRQHandler 00000012

Symbol: TIM17_IRQHandler
   Definitions
      At line 214 in file ..\Libraries\CMSIS\Device\ST\STM32F0xx\Source\Templat
es\arm\startup_stm32f030x8.s
   Uses
      At line 108 in file ..\Libraries\CMSIS\Device\ST\STM32F0xx\Source\Templat
es\arm\startup_stm32f030x8.s
      At line 183 in file ..\Libraries\CMSIS\Device\ST\STM32F0xx\Source\Templat
es\arm\startup_stm32f030x8.s

TIM1_BRK_UP_TRG_COM_IRQHandler 00000012

Symbol: TIM1_BRK_UP_TRG_COM_IRQHandler
   Definitions
      At line 206 in file ..\Libraries\CMSIS\Device\ST\STM32F0xx\Source\Templat
es\arm\startup_stm32f030x8.s
   Uses
      At line 99 in file ..\Libraries\CMSIS\Device\ST\STM32F0xx\Source\Template
s\arm\startup_stm32f030x8.s
      At line 175 in file ..\Libraries\CMSIS\Device\ST\STM32F0xx\Source\Templat
es\arm\startup_stm32f030x8.s

TIM1_CC_IRQHandler 00000012

Symbol: TIM1_CC_IRQHandler
   Definitions
      At line 207 in file ..\Libraries\CMSIS\Device\ST\STM32F0xx\Source\Templat
es\arm\startup_stm32f030x8.s
   Uses
      At line 100 in file ..\Libraries\CMSIS\Device\ST\STM32F0xx\Source\Templat
es\arm\startup_stm32f030x8.s
      At line 176 in file ..\Libraries\CMSIS\Device\ST\STM32F0xx\Source\Templat
es\arm\startup_stm32f030x8.s




ARM Macro Assembler    Page 7 Alphabetic symbol ordering
Relocatable symbols

TIM2_IRQHandler 00000012

Symbol: TIM2_IRQHandler
   Definitions
      At line 208 in file ..\Libraries\CMSIS\Device\ST\STM32F0xx\Source\Templat
es\arm\startup_stm32f030x8.s
   Uses
      At line 101 in file ..\Libraries\CMSIS\Device\ST\STM32F0xx\Source\Templat
es\arm\startup_stm32f030x8.s
      At line 177 in file ..\Libraries\CMSIS\Device\ST\STM32F0xx\Source\Templat
es\arm\startup_stm32f030x8.s

TIM3_IRQHandler 00000012

Symbol: TIM3_IRQHandler
   Definitions
      At line 209 in file ..\Libraries\CMSIS\Device\ST\STM32F0xx\Source\Templat
es\arm\startup_stm32f030x8.s
   Uses
      At line 102 in file ..\Libraries\CMSIS\Device\ST\STM32F0xx\Source\Templat
es\arm\startup_stm32f030x8.s
      At line 178 in file ..\Libraries\CMSIS\Device\ST\STM32F0xx\Source\Templat
es\arm\startup_stm32f030x8.s

TIM6_DAC_IRQHandler 00000012

Symbol: TIM6_DAC_IRQHandler
   Definitions
      At line 210 in file ..\Libraries\CMSIS\Device\ST\STM32F0xx\Source\Templat
es\arm\startup_stm32f030x8.s
   Uses
      At line 103 in file ..\Libraries\CMSIS\Device\ST\STM32F0xx\Source\Templat
es\arm\startup_stm32f030x8.s
      At line 179 in file ..\Libraries\CMSIS\Device\ST\STM32F0xx\Source\Templat
es\arm\startup_stm32f030x8.s

TS_IRQHandler 00000012

Symbol: TS_IRQHandler
   Definitions
      At line 201 in file ..\Libraries\CMSIS\Device\ST\STM32F0xx\Source\Templat
es\arm\startup_stm32f030x8.s
   Uses
      At line 94 in file ..\Libraries\CMSIS\Device\ST\STM32F0xx\Source\Template
s\arm\startup_stm32f030x8.s
      At line 170 in file ..\Libraries\CMSIS\Device\ST\STM32F0xx\Source\Templat
es\arm\startup_stm32f030x8.s

USART1_IRQHandler 00000012

Symbol: USART1_IRQHandler
   Definitions
      At line 219 in file ..\Libraries\CMSIS\Device\ST\STM32F0xx\Source\Templat
es\arm\startup_stm32f030x8.s
   Uses
      At line 113 in file ..\Libraries\CMSIS\Device\ST\STM32F0xx\Source\Templat
es\arm\startup_stm32f030x8.s
      At line 188 in file ..\Libraries\CMSIS\Device\ST\STM32F0xx\Source\Templat
es\arm\startup_stm32f030x8.s



ARM Macro Assembler    Page 8 Alphabetic symbol ordering
Relocatable symbols


USART2_IRQHandler 00000012

Symbol: USART2_IRQHandler
   Definitions
      At line 220 in file ..\Libraries\CMSIS\Device\ST\STM32F0xx\Source\Templat
es\arm\startup_stm32f030x8.s
   Uses
      At line 114 in file ..\Libraries\CMSIS\Device\ST\STM32F0xx\Source\Templat
es\arm\startup_stm32f030x8.s
      At line 189 in file ..\Libraries\CMSIS\Device\ST\STM32F0xx\Source\Templat
es\arm\startup_stm32f030x8.s

WWDG_IRQHandler 00000012

Symbol: WWDG_IRQHandler
   Definitions
      At line 193 in file ..\Libraries\CMSIS\Device\ST\STM32F0xx\Source\Templat
es\arm\startup_stm32f030x8.s
   Uses
      At line 86 in file ..\Libraries\CMSIS\Device\ST\STM32F0xx\Source\Template
s\arm\startup_stm32f030x8.s
      At line 162 in file ..\Libraries\CMSIS\Device\ST\STM32F0xx\Source\Templat
es\arm\startup_stm32f030x8.s

__user_initial_stackheap 00000014

Symbol: __user_initial_stackheap
   Definitions
      At line 243 in file ..\Libraries\CMSIS\Device\ST\STM32F0xx\Source\Templat
es\arm\startup_stm32f030x8.s
   Uses
      At line 241 in file ..\Libraries\CMSIS\Device\ST\STM32F0xx\Source\Templat
es\arm\startup_stm32f030x8.s
Comment: __user_initial_stackheap used once
38 symbols



ARM Macro Assembler    Page 1 Alphabetic symbol ordering
Absolute symbols

Heap_Size 00000200

Symbol: Heap_Size
   Definitions
      At line 51 in file ..\Libraries\CMSIS\Device\ST\STM32F0xx\Source\Template
s\arm\startup_stm32f030x8.s
   Uses
      At line 55 in file ..\Libraries\CMSIS\Device\ST\STM32F0xx\Source\Template
s\arm\startup_stm32f030x8.s
      At line 247 in file ..\Libraries\CMSIS\Device\ST\STM32F0xx\Source\Templat
es\arm\startup_stm32f030x8.s

Stack_Size 00000400

Symbol: Stack_Size
   Definitions
      At line 40 in file ..\Libraries\CMSIS\Device\ST\STM32F0xx\Source\Template
s\arm\startup_stm32f030x8.s
   Uses
      At line 43 in file ..\Libraries\CMSIS\Device\ST\STM32F0xx\Source\Template
s\arm\startup_stm32f030x8.s
      At line 246 in file ..\Libraries\CMSIS\Device\ST\STM32F0xx\Source\Templat
es\arm\startup_stm32f030x8.s

__Vectors_Size 000000C0

Symbol: __Vectors_Size
   Definitions
      At line 121 in file ..\Libraries\CMSIS\Device\ST\STM32F0xx\Source\Templat
es\arm\startup_stm32f030x8.s
   Uses
      At line 66 in file ..\Libraries\CMSIS\Device\ST\STM32F0xx\Source\Template
s\arm\startup_stm32f030x8.s
Comment: __Vectors_Size used once
3 symbols



ARM Macro Assembler    Page 1 Alphabetic symbol ordering
External symbols

SystemInit 00000000

Symbol: SystemInit
   Definitions
      At line 129 in file ..\Libraries\CMSIS\Device\ST\STM32F0xx\Source\Templat
es\arm\startup_stm32f030x8.s
   Uses
      At line 130 in file ..\Libraries\CMSIS\Device\ST\STM32F0xx\Source\Templat
es\arm\startup_stm32f030x8.s
Comment: SystemInit used once
__main 00000000

Symbol: __main
   Definitions
      At line 128 in file ..\Libraries\CMSIS\Device\ST\STM32F0xx\Source\Templat
es\arm\startup_stm32f030x8.s
   Uses
      At line 132 in file ..\Libraries\CMSIS\Device\ST\STM32F0xx\Source\Templat
es\arm\startup_stm32f030x8.s
Comment: __main used once
__use_two_region_memory 00000000

Symbol: __use_two_region_memory
   Definitions
      At line 240 in file ..\Libraries\CMSIS\Device\ST\STM32F0xx\Source\Templat
es\arm\startup_stm32f030x8.s
   Uses
      None
Comment: __use_two_region_memory unused
3 symbols
391 symbols in table
